[22-Jun-2018 16:26:33 UTC] PHP Fatal error:  Uncaught Error: Class 'WP_CLI\SynopsisValidator' not found in phar:///usr/local/bin/wp/php/WP_CLI/Dispatcher/Subcommand.php:254
Stack trace:
#0 phar:///usr/local/bin/wp/php/WP_CLI/Dispatcher/Subcommand.php(386): WP_CLI\Dispatcher\Subcommand->validate_args(Array, Array, Array)
#1 phar:///usr/local/bin/wp/php/WP_CLI/Runner.php(323): WP_CLI\Dispatcher\Subcommand->invoke(Array, Array, Array)
#2 phar:///usr/local/bin/wp/php/WP_CLI/Runner.php(330): WP_CLI\Runner->run_command(Array, Array)
#3 phar:///usr/local/bin/wp/php/WP_CLI/Runner.php(985): WP_CLI\Runner->_run_command()
#4 phar:///usr/local/bin/wp/php/WP_CLI/Bootstrap/LaunchRunner.php(23): WP_CLI\Runner->start()
#5 phar:///usr/local/bin/wp/php/bootstrap.php(75): WP_CLI\Bootstrap\LaunchRunner->process(Object(WP_CLI\Bootstrap\BootstrapState))
#6 phar:///usr/local/bin/wp/php/wp-cli.php(23): WP_CLI\bootstrap()
#7 phar:///usr/local/bin/wp/php/boot-phar.php(8): include('phar:///usr/loc...')
#8 /usr/local/bin/wp(4): include('phar:///usr/loc...')
#9 {main}
  thrown in phar:///usr/local/bin/wp/php/WP_CLI/Dispatcher/Subcommand.php on line 254
[28-Jun-2018 01:08:11 UTC] WordPress database error Query execution was interrupted for query SELECT option_value FROM wp_options WHERE option_name = 'WPLANG' LIMIT 1 made by include('phar:///usr/local/bin/wp/php/boot-phar.php'), include('phar:///usr/local/bin/wp/php/wp-cli.php'), WP_CLI\bootstrap, WP_CLI\Bootstrap\LaunchRunner->process, WP_CLI\Runner->start, WP_CLI\Runner->load_wordpress, require('wp-settings.php'), load_default_textdomain, get_locale, get_option
[28-Jun-2018 01:08:11 UTC] PHP Warning:  Error while sending QUERY packet. PID=293 in /app/public/wp-includes/wp-db.php on line 1924
[28-Jun-2018 01:08:11 UTC] WordPress database error Query execution was interrupted for query SELECT option_value FROM wp_options WHERE option_name = 'WPLANG' LIMIT 1 made by include('phar:///usr/local/bin/wp/php/boot-phar.php'), include('phar:///usr/local/bin/wp/php/wp-cli.php'), WP_CLI\bootstrap, WP_CLI\Bootstrap\LaunchRunner->process, WP_CLI\Runner->start, WP_CLI\Runner->load_wordpress, require('wp-settings.php'), load_default_textdomain, get_locale, get_option
[28-Jun-2018 01:08:11 UTC] PHP Warning:  Error while sending QUERY packet. PID=297 in /app/public/wp-includes/wp-db.php on line 1924
[29-Jun-2018 16:03:42 UTC] PHP Parse error:  syntax error, unexpected '}', expecting ',' or ';' in /app/public/wp-content/plugins/plugin-dev-101/index.php on line 89
[29-Jun-2018 16:04:42 UTC] PHP Parse error:  syntax error, unexpected end of file in /app/public/wp-content/plugins/plugin-dev-101/index.php on line 90
[29-Jun-2018 16:34:21 UTC] PHP Parse error:  syntax error, unexpected ')' in /app/public/wp-content/plugins/plugin-dev-101/index.php on line 106
[29-Jun-2018 16:47:59 UTC] PHP Fatal error:  Allowed memory size of 268435456 bytes exhausted (tried to allocate 20480 bytes) in /app/public/wp-includes/class.wp-dependencies.php on line 281
[29-Jun-2018 16:48:09 UTC] PHP Fatal error:  Allowed memory size of 268435456 bytes exhausted (tried to allocate 20480 bytes) in /app/public/wp-includes/class.wp-dependencies.php on line 282
[29-Jun-2018 16:49:30 UTC] PHP Fatal error:  Allowed memory size of 268435456 bytes exhausted (tried to allocate 262144 bytes) in /app/public/wp-includes/link-template.php on line 3379
[29-Jun-2018 16:49:30 UTC] PHP Fatal error:  Allowed memory size of 268435456 bytes exhausted (tried to allocate 262144 bytes) in /app/public/wp-includes/load.php on line 679
[29-Jun-2018 16:52:34 UTC] PHP Fatal error:  Allowed memory size of 268435456 bytes exhausted (tried to allocate 20480 bytes) in /app/public/wp-includes/class.wp-dependencies.php on line 282
